


ARM Macro Assembler    Page 1 


    1 00000000                 PRESERVE8
    2 00000000                 THUMB
    3 00000000         
    4 00000000         
    5 00000000         ; ====================== zone de réservation de données,
                         ======================================
    6 00000000         ;Section RAM (read only) :
    7 00000000                 area             mesdata,data,readonly
    8 00000000         
    9 00000000         
   10 00000000         ;Section RAM (read write):
   11 00000000                 area             maram,data,readwrite
   12 00000000         
   13 00000000         
   14 00000000         
   15 00000000         ; ======================================================
                       =========================================
   16 00000000         
   17 00000000         
   18 00000000                 export           DFT_ModuleAuCarre ;
   19 00000000         
   20 00000000         
   21 00000000         ;Section ROM code (read only) :  
   22 00000000                 area             moncode,code,readonly
   23 00000000         ; écrire le code ici
   24 00000000         
   25 00000000         DFT_ModuleAuCarre
                               proc
   26 00000000         
   27 00000000         ; on a l'adresse du signal dans le registre r0 et k dans
                        r1
   28 00000000 4A18            ldr              r2, =TabCos ; adresse de TabCos
                                                             dans le registre r
                                                            2
   29 00000002 B501            push{LR,r0}
   30 00000004 F000 F80E       bl               partieReEtIm ; calcul de la par
                                                            tie réelle
   31 00000008 4603            mov              r3, r0      ; Re dan r3
   32 0000000A BC01            pop{r0}
   33 0000000C B408            push             {r3}
   34 0000000E 4A16            ldr              r2, =TabSin ; adresse de TabSin
                                                             dans le registre r
                                                            2
   35 00000010 F000 F808       bl               partieReEtIm ; calcul de la par
                                                            tie immaginaire
   36 00000014 4684            mov              r12 , r0    ; Im dans r12
   37 00000016 BC08            pop{r3}
   38 00000018 FB83 1203       smull            r1, r2, r3 , r3 ; Re^2
   39 0000001C FBCC 120C       smlal            r1, r2, r12 , r12 ; Re^2 + Im^2
                                                            
   40 00000020 4610            mov              r0, r2      ;
   41 00000022 BD00            pop{PC}
   42 00000024         
   43 00000024         
   44 00000024         partieReEtIm
   45 00000024         ; ro contient l'adresse du signal
   46 00000024         ; r1 contient la valeur de k
   47 00000024         ; r2 contient adresse de TabCos ou Tabsin
   48 00000024 F04F 0300       mov              r3 , #0x00  ; r3 va nous servir



ARM Macro Assembler    Page 2 


                                                             de compteur i 
   49 00000028 F04F 0C00       mov              r12, #0x00  ; va contenir le re
                                                            sultat temporaireme
                                                            nt 
   50 0000002C 2B40    comparaison
                               cmp              r3, #64     ; on compare i a 64
                                                            
   51 0000002E D100            bne              loop        ; tant que i n'est 
                                                            pas à 64 on calcule
                                                             la valeur et on l'
                                                            ajoute
   52 00000030 E015            b                fin
   53 00000032         loop
   54 00000032 B402            push             {r1}
   55 00000034 F84D CD04       push{r12}                    ; on garde l'ancien
                                                            ne contenu dans r12
                                                             
   56 00000038 FB01 F103       mul              r1, r1 , r3 ;  i*k
   57 0000003C F001 013F       and              r1, #0x3F   ; contient i*k modu
                                                            lo 64
   58 00000040 F932 C011       ldrsh            r12 , [r2, r1 , LSL #0x01] ;  c
                                                            os(i*k*2 pi / N)
   59 00000044 4661            mov              r1 , r12
   60 00000046 F930 C013       ldrsh            r12 , [r0, r3 , LSL #0x01] 
                                                            ;  x(i)
   61 0000004A FB0C FC01       mul              r12 , r12 , r1 ; x(i)* cos(i*k*
                                                            2 pi / N)
   62 0000004E F103 0301       add              r3 , #0x01  ; on incremente le 
                                                            compteur i
   63 00000052 4661            mov              r1, r12
   64 00000054 F85D CB04       pop{r12}
   65 00000058 448C            add              r12, r1
   66 0000005A BC02            pop              {r1}
   67 0000005C E7E6            b                comparaison ; on reboucle
   68 0000005E         fin
   69 0000005E 4660            mov              r0 , r12    ; on stocke la part
                                                            ie réel ou immagina
                                                            ire calculée dans r
                                                            0
   70 00000060 4770            bx               lr
   71 00000062         
   72 00000062                 endp
   73 00000062         
   74 00000062         
   75 00000062         
   76 00000062         
   77 00000062         
   78 00000062         
   79 00000062         ;Section ROM code (read only) :  
   80 00000062 00 00 00000000 
              00000000         AREA             Trigo, DATA, READONLY
   81 00000000         ; codage fractionnaire 1.15
   82 00000000         
   83 00000000         TabCos
   84 00000000 FF 7F           DCW              32767       ;  0 0x7fff  0.9999
                                                            7
   85 00000002 62 7F           DCW              32610       ;  1 0x7f62  0.9951
                                                            8
   86 00000004 8A 7D           DCW              32138       ;  2 0x7d8a  0.9807



ARM Macro Assembler    Page 3 


                                                            7
   87 00000006 7D 7A           DCW              31357       ;  3 0x7a7d  0.9569
                                                            4
   88 00000008 42 76           DCW              30274       ;  4 0x7642  0.9238
                                                            9
   89 0000000A E3 70           DCW              28899       ;  5 0x70e3  0.8819
                                                            3
   90 0000000C 6E 6A           DCW              27246       ;  6 0x6a6e  0.8314
                                                            8
   91 0000000E F2 62           DCW              25330       ;  7 0x62f2  0.7730
                                                            1
   92 00000010 82 5A           DCW              23170       ;  8 0x5a82  0.7070
                                                            9
   93 00000012 34 51           DCW              20788       ;  9 0x5134  0.6344
                                                            0
   94 00000014 1D 47           DCW              18205       ; 10 0x471d  0.5555
                                                            7
   95 00000016 57 3C           DCW              15447       ; 11 0x3c57  0.4714
                                                            1
   96 00000018 FC 30           DCW              12540       ; 12 0x30fc  0.3826
                                                            9
   97 0000001A 28 25           DCW              9512        ; 13 0x2528  0.2902
                                                            8
   98 0000001C F9 18           DCW              6393        ; 14 0x18f9  0.1951
                                                            0
   99 0000001E 8C 0C           DCW              3212        ; 15 0x0c8c  0.0980
                                                            2
  100 00000020 00 00           DCW              0           ; 16 0x0000  0.0000
                                                            0
  101 00000022 74 F3           DCW              -3212       ; 17 0xf374 -0.0980
                                                            2
  102 00000024 07 E7           DCW              -6393       ; 18 0xe707 -0.1951
                                                            0
  103 00000026 D8 DA           DCW              -9512       ; 19 0xdad8 -0.2902
                                                            8
  104 00000028 04 CF           DCW              -12540      ; 20 0xcf04 -0.3826
                                                            9
  105 0000002A A9 C3           DCW              -15447      ; 21 0xc3a9 -0.4714
                                                            1
  106 0000002C E3 B8           DCW              -18205      ; 22 0xb8e3 -0.5555
                                                            7
  107 0000002E CC AE           DCW              -20788      ; 23 0xaecc -0.6344
                                                            0
  108 00000030 7E A5           DCW              -23170      ; 24 0xa57e -0.7070
                                                            9
  109 00000032 0E 9D           DCW              -25330      ; 25 0x9d0e -0.7730
                                                            1
  110 00000034 92 95           DCW              -27246      ; 26 0x9592 -0.8314
                                                            8
  111 00000036 1D 8F           DCW              -28899      ; 27 0x8f1d -0.8819
                                                            3
  112 00000038 BE 89           DCW              -30274      ; 28 0x89be -0.9238
                                                            9
  113 0000003A 83 85           DCW              -31357      ; 29 0x8583 -0.9569
                                                            4
  114 0000003C 76 82           DCW              -32138      ; 30 0x8276 -0.9807
                                                            7
  115 0000003E 9E 80           DCW              -32610      ; 31 0x809e -0.9951
                                                            8



ARM Macro Assembler    Page 4 


  116 00000040 00 80           DCW              -32768      ; 32 0x8000 -1.0000
                                                            0
  117 00000042 9E 80           DCW              -32610      ; 33 0x809e -0.9951
                                                            8
  118 00000044 76 82           DCW              -32138      ; 34 0x8276 -0.9807
                                                            7
  119 00000046 83 85           DCW              -31357      ; 35 0x8583 -0.9569
                                                            4
  120 00000048 BE 89           DCW              -30274      ; 36 0x89be -0.9238
                                                            9
  121 0000004A 1D 8F           DCW              -28899      ; 37 0x8f1d -0.8819
                                                            3
  122 0000004C 92 95           DCW              -27246      ; 38 0x9592 -0.8314
                                                            8
  123 0000004E 0E 9D           DCW              -25330      ; 39 0x9d0e -0.7730
                                                            1
  124 00000050 7E A5           DCW              -23170      ; 40 0xa57e -0.7070
                                                            9
  125 00000052 CC AE           DCW              -20788      ; 41 0xaecc -0.6344
                                                            0
  126 00000054 E3 B8           DCW              -18205      ; 42 0xb8e3 -0.5555
                                                            7
  127 00000056 A9 C3           DCW              -15447      ; 43 0xc3a9 -0.4714
                                                            1
  128 00000058 04 CF           DCW              -12540      ; 44 0xcf04 -0.3826
                                                            9
  129 0000005A D8 DA           DCW              -9512       ; 45 0xdad8 -0.2902
                                                            8
  130 0000005C 07 E7           DCW              -6393       ; 46 0xe707 -0.1951
                                                            0
  131 0000005E 74 F3           DCW              -3212       ; 47 0xf374 -0.0980
                                                            2
  132 00000060 00 00           DCW              0           ; 48 0x0000  0.0000
                                                            0
  133 00000062 8C 0C           DCW              3212        ; 49 0x0c8c  0.0980
                                                            2
  134 00000064 F9 18           DCW              6393        ; 50 0x18f9  0.1951
                                                            0
  135 00000066 28 25           DCW              9512        ; 51 0x2528  0.2902
                                                            8
  136 00000068 FC 30           DCW              12540       ; 52 0x30fc  0.3826
                                                            9
  137 0000006A 57 3C           DCW              15447       ; 53 0x3c57  0.4714
                                                            1
  138 0000006C 1D 47           DCW              18205       ; 54 0x471d  0.5555
                                                            7
  139 0000006E 34 51           DCW              20788       ; 55 0x5134  0.6344
                                                            0
  140 00000070 82 5A           DCW              23170       ; 56 0x5a82  0.7070
                                                            9
  141 00000072 F2 62           DCW              25330       ; 57 0x62f2  0.7730
                                                            1
  142 00000074 6E 6A           DCW              27246       ; 58 0x6a6e  0.8314
                                                            8
  143 00000076 E3 70           DCW              28899       ; 59 0x70e3  0.8819
                                                            3
  144 00000078 42 76           DCW              30274       ; 60 0x7642  0.9238
                                                            9
  145 0000007A 7D 7A           DCW              31357       ; 61 0x7a7d  0.9569



ARM Macro Assembler    Page 5 


                                                            4
  146 0000007C 8A 7D           DCW              32138       ; 62 0x7d8a  0.9807
                                                            7
  147 0000007E 62 7F           DCW              32610       ; 63 0x7f62  0.9951
                                                            8
  148 00000080         TabSin
  149 00000080 00 00           DCW              0           ;  0 0x0000  0.0000
                                                            0
  150 00000082 8C 0C           DCW              3212        ;  1 0x0c8c  0.0980
                                                            2
  151 00000084 F9 18           DCW              6393        ;  2 0x18f9  0.1951
                                                            0
  152 00000086 28 25           DCW              9512        ;  3 0x2528  0.2902
                                                            8
  153 00000088 FC 30           DCW              12540       ;  4 0x30fc  0.3826
                                                            9
  154 0000008A 57 3C           DCW              15447       ;  5 0x3c57  0.4714
                                                            1
  155 0000008C 1D 47           DCW              18205       ;  6 0x471d  0.5555
                                                            7
  156 0000008E 34 51           DCW              20788       ;  7 0x5134  0.6344
                                                            0
  157 00000090 82 5A           DCW              23170       ;  8 0x5a82  0.7070
                                                            9
  158 00000092 F2 62           DCW              25330       ;  9 0x62f2  0.7730
                                                            1
  159 00000094 6E 6A           DCW              27246       ; 10 0x6a6e  0.8314
                                                            8
  160 00000096 E3 70           DCW              28899       ; 11 0x70e3  0.8819
                                                            3
  161 00000098 42 76           DCW              30274       ; 12 0x7642  0.9238
                                                            9
  162 0000009A 7D 7A           DCW              31357       ; 13 0x7a7d  0.9569
                                                            4
  163 0000009C 8A 7D           DCW              32138       ; 14 0x7d8a  0.9807
                                                            7
  164 0000009E 62 7F           DCW              32610       ; 15 0x7f62  0.9951
                                                            8
  165 000000A0 FF 7F           DCW              32767       ; 16 0x7fff  0.9999
                                                            7
  166 000000A2 62 7F           DCW              32610       ; 17 0x7f62  0.9951
                                                            8
  167 000000A4 8A 7D           DCW              32138       ; 18 0x7d8a  0.9807
                                                            7
  168 000000A6 7D 7A           DCW              31357       ; 19 0x7a7d  0.9569
                                                            4
  169 000000A8 42 76           DCW              30274       ; 20 0x7642  0.9238
                                                            9
  170 000000AA E3 70           DCW              28899       ; 21 0x70e3  0.8819
                                                            3
  171 000000AC 6E 6A           DCW              27246       ; 22 0x6a6e  0.8314
                                                            8
  172 000000AE F2 62           DCW              25330       ; 23 0x62f2  0.7730
                                                            1
  173 000000B0 82 5A           DCW              23170       ; 24 0x5a82  0.7070
                                                            9
  174 000000B2 34 51           DCW              20788       ; 25 0x5134  0.6344
                                                            0
  175 000000B4 1D 47           DCW              18205       ; 26 0x471d  0.5555



ARM Macro Assembler    Page 6 


                                                            7
  176 000000B6 57 3C           DCW              15447       ; 27 0x3c57  0.4714
                                                            1
  177 000000B8 FC 30           DCW              12540       ; 28 0x30fc  0.3826
                                                            9
  178 000000BA 28 25           DCW              9512        ; 29 0x2528  0.2902
                                                            8
  179 000000BC F9 18           DCW              6393        ; 30 0x18f9  0.1951
                                                            0
  180 000000BE 8C 0C           DCW              3212        ; 31 0x0c8c  0.0980
                                                            2
  181 000000C0 00 00           DCW              0           ; 32 0x0000  0.0000
                                                            0
  182 000000C2 74 F3           DCW              -3212       ; 33 0xf374 -0.0980
                                                            2
  183 000000C4 07 E7           DCW              -6393       ; 34 0xe707 -0.1951
                                                            0
  184 000000C6 D8 DA           DCW              -9512       ; 35 0xdad8 -0.2902
                                                            8
  185 000000C8 04 CF           DCW              -12540      ; 36 0xcf04 -0.3826
                                                            9
  186 000000CA A9 C3           DCW              -15447      ; 37 0xc3a9 -0.4714
                                                            1
  187 000000CC E3 B8           DCW              -18205      ; 38 0xb8e3 -0.5555
                                                            7
  188 000000CE CC AE           DCW              -20788      ; 39 0xaecc -0.6344
                                                            0
  189 000000D0 7E A5           DCW              -23170      ; 40 0xa57e -0.7070
                                                            9
  190 000000D2 0E 9D           DCW              -25330      ; 41 0x9d0e -0.7730
                                                            1
  191 000000D4 92 95           DCW              -27246      ; 42 0x9592 -0.8314
                                                            8
  192 000000D6 1D 8F           DCW              -28899      ; 43 0x8f1d -0.8819
                                                            3
  193 000000D8 BE 89           DCW              -30274      ; 44 0x89be -0.9238
                                                            9
  194 000000DA 83 85           DCW              -31357      ; 45 0x8583 -0.9569
                                                            4
  195 000000DC 76 82           DCW              -32138      ; 46 0x8276 -0.9807
                                                            7
  196 000000DE 9E 80           DCW              -32610      ; 47 0x809e -0.9951
                                                            8
  197 000000E0 00 80           DCW              -32768      ; 48 0x8000 -1.0000
                                                            0
  198 000000E2 9E 80           DCW              -32610      ; 49 0x809e -0.9951
                                                            8
  199 000000E4 76 82           DCW              -32138      ; 50 0x8276 -0.9807
                                                            7
  200 000000E6 83 85           DCW              -31357      ; 51 0x8583 -0.9569
                                                            4
  201 000000E8 BE 89           DCW              -30274      ; 52 0x89be -0.9238
                                                            9
  202 000000EA 1D 8F           DCW              -28899      ; 53 0x8f1d -0.8819
                                                            3
  203 000000EC 92 95           DCW              -27246      ; 54 0x9592 -0.8314
                                                            8
  204 000000EE 0E 9D           DCW              -25330      ; 55 0x9d0e -0.7730
                                                            1



ARM Macro Assembler    Page 7 


  205 000000F0 7E A5           DCW              -23170      ; 56 0xa57e -0.7070
                                                            9
  206 000000F2 CC AE           DCW              -20788      ; 57 0xaecc -0.6344
                                                            0
  207 000000F4 E3 B8           DCW              -18205      ; 58 0xb8e3 -0.5555
                                                            7
  208 000000F6 A9 C3           DCW              -15447      ; 59 0xc3a9 -0.4714
                                                            1
  209 000000F8 04 CF           DCW              -12540      ; 60 0xcf04 -0.3826
                                                            9
  210 000000FA D8 DA           DCW              -9512       ; 61 0xdad8 -0.2902
                                                            8
  211 000000FC 07 E7           DCW              -6393       ; 62 0xe707 -0.1951
                                                            0
  212 000000FE 74 F3           DCW              -3212       ; 63 0xf374 -0.0980
                                                            2
  213 00000100         
  214 00000100         
  215 00000100         
  216 00000100         
  217 00000100                 END
Command Line: --debug --xref --diag_suppress=9931 --cpu=Cortex-M3 --apcs=interw
ork --depend=.\obj\dft.d -o.\obj\dft.o -I.\ModuleAffichage -I.\RTE\_CibleSondeK
EIL -IC:\Programdata\Keil\Arm\Packs\ARM\CMSIS\5.7.0\CMSIS\Core\Include -IC:\Pro
gramdata\Keil\Arm\Packs\Keil\STM32F1xx_DFP\2.3.0\Device\Include --predefine="__
EVAL SETA 1" --predefine="__MICROLIB SETA 1" --predefine="__UVISION_VERSION SET
A 530" --predefine="_RTE_ SETA 1" --predefine="STM32F10X_MD SETA 1" --predefine
="_RTE_ SETA 1" --list=dft.lst Src\DFT.s



ARM Macro Assembler    Page 1 Alphabetic symbol ordering
Relocatable symbols

mesdata 00000000

Symbol: mesdata
   Definitions
      At line 7 in file Src\DFT.s
   Uses
      None
Comment: mesdata unused
1 symbol



ARM Macro Assembler    Page 1 Alphabetic symbol ordering
Relocatable symbols

maram 00000000

Symbol: maram
   Definitions
      At line 11 in file Src\DFT.s
   Uses
      None
Comment: maram unused
1 symbol



ARM Macro Assembler    Page 1 Alphabetic symbol ordering
Relocatable symbols

DFT_ModuleAuCarre 00000000

Symbol: DFT_ModuleAuCarre
   Definitions
      At line 25 in file Src\DFT.s
   Uses
      At line 18 in file Src\DFT.s
Comment: DFT_ModuleAuCarre used once
comparaison 0000002C

Symbol: comparaison
   Definitions
      At line 50 in file Src\DFT.s
   Uses
      At line 67 in file Src\DFT.s
Comment: comparaison used once
fin 0000005E

Symbol: fin
   Definitions
      At line 68 in file Src\DFT.s
   Uses
      At line 52 in file Src\DFT.s
Comment: fin used once
loop 00000032

Symbol: loop
   Definitions
      At line 53 in file Src\DFT.s
   Uses
      At line 51 in file Src\DFT.s
Comment: loop used once
moncode 00000000

Symbol: moncode
   Definitions
      At line 22 in file Src\DFT.s
   Uses
      None
Comment: moncode unused
partieReEtIm 00000024

Symbol: partieReEtIm
   Definitions
      At line 44 in file Src\DFT.s
   Uses
      At line 30 in file Src\DFT.s
      At line 35 in file Src\DFT.s

6 symbols



ARM Macro Assembler    Page 1 Alphabetic symbol ordering
Relocatable symbols

TabCos 00000000

Symbol: TabCos
   Definitions
      At line 83 in file Src\DFT.s
   Uses
      At line 28 in file Src\DFT.s
Comment: TabCos used once
TabSin 00000080

Symbol: TabSin
   Definitions
      At line 148 in file Src\DFT.s
   Uses
      At line 34 in file Src\DFT.s
Comment: TabSin used once
Trigo 00000000

Symbol: Trigo
   Definitions
      At line 80 in file Src\DFT.s
   Uses
      None
Comment: Trigo unused
3 symbols
348 symbols in table
